<?xml version="1.0" encoding="UTF-8"?>
<!-- Generated by org.testng.reporters.JUnitXMLReporter -->
<testsuite ignored="3" hostname="kemas" failures="0" tests="14" name="Test" time="171.062" errors="0" timestamp="2022-05-24T13:23:55 IST">
  <testcase classname="com.mohs10.scripts.Checkout_scripts" name="Checkout_scriptsTestcases" time="18.595"/>
  <testcase classname="com.mohs10.scripts.ContactUs" name="ContactUsTestCase" time="17.446"/>
  <testcase classname="com.mohs10.scripts.HomeTest" name="Review_TestCase" time="14.286"/>
  <testcase classname="com.mohs10.scripts.HomeTest" name="auto_suggestion_TestCase" time="5.145"/>
  <testcase classname="com.mohs10.scripts.HomeTest" name="searchProdTestCase" time="8.124"/>
  <testcase classname="com.mohs10.scripts.HomeTest" name="searchTestCase" time="8.076"/>
  <testcase classname="com.mohs10.scripts.HomeTest" name="search_AlphaNum_SpclChar_TestCase" time="11.16"/>
  <testcase classname="com.mohs10.scripts.HomeTest" name="search_AlphaNumericsTestCase" time="10.544"/>
  <testcase classname="com.mohs10.scripts.HomeTest" name="search_NumericsTestCase" time="10.158"/>
  <testcase classname="com.mohs10.scripts.HomeTest" name="search_SingleCharTestCase" time="10.359"/>
  <testcase classname="com.mohs10.scripts.HomeTest" name="search_SpclCharTestCase" time="8.025"/>
  <testcase classname="com.mohs10.scripts.HomeTest" name="searchiPhoneProdTestCase" time="11.229"/>
  <testcase classname="com.mohs10.scripts.HomeTest" name="srchTestCase" time="7.848"/>
  <testcase classname="com.mohs10.scripts.Script_Brand" name="Script_BrandTestcase" time="20.182"/>
  <testcase classname="com.mohs10.base.StartBrowser" name="@BeforeTest generateReport" time="0.0">
    <ignored/>
  </testcase> <!-- @BeforeTest generateReport -->
  <testcase classname="com.mohs10.base.StartBrowser" name="@BeforeTest generateReport" time="0.0">
    <ignored/>
  </testcase> <!-- @BeforeTest generateReport -->
  <testcase classname="com.mohs10.base.StartBrowser" name="@BeforeTest generateReport" time="0.0">
    <ignored/>
  </testcase> <!-- @BeforeTest generateReport -->
</testsuite> <!-- Test -->
